2018-01-11 00:00:27.937 DEBUG JSAPI: Get jsapi_ticket  url: https://api.weixin.qq.com/cgi-bin/ticket/getticket?access_token=&type=jsapi
2018-01-11 00:00:27.938 DEBUG JSAPI: Get jsapi_ticket : {"errcode":41001,"errmsg":"access_token missing hint: [RUycsA0027vr30!]"}
2018-01-11 00:01:03.652 DEBUG JSAPI: Get jsapi_ticket  url: https://api.weixin.qq.com/cgi-bin/ticket/getticket?access_token=&type=jsapi
2018-01-11 00:01:03.653 DEBUG JSAPI: Get jsapi_ticket : {"errcode":41001,"errmsg":"access_token missing hint: [CTEECA0063vr31!]"}
2018-01-11 00:01:18.395 DEBUG JSAPI: Get jsapi_ticket  url: https://api.weixin.qq.com/cgi-bin/ticket/getticket?access_token=&type=jsapi
2018-01-11 00:01:18.396 DEBUG JSAPI: Get jsapi_ticket : {"errcode":41001,"errmsg":"access_token missing hint: [Jb.eDA0078vr63!]"}
2018-01-11 00:02:12.741 DEBUG JSAPI: Get jsapi_ticket  url: https://api.weixin.qq.com/cgi-bin/ticket/getticket?access_token=&type=jsapi
2018-01-11 00:02:12.742 DEBUG JSAPI: Get jsapi_ticket : {"errcode":41001,"errmsg":"access_token missing hint: [brMLIa0132vr44!]"}
2018-01-11 00:02:31.618 DEBUG JSAPI: Get jsapi_ticket  url: https://api.weixin.qq.com/cgi-bin/ticket/getticket?access_token=&type=jsapi
2018-01-11 00:02:31.619 DEBUG JSAPI: Get jsapi_ticket : {"errcode":41001,"errmsg":"access_token missing hint: [buLq60151vr70!]"}
2018-01-11 00:06:50.369 DEBUG JSAPI: Get jsapi_ticket  url: https://api.weixin.qq.com/cgi-bin/ticket/getticket?access_token=&type=jsapi
2018-01-11 00:06:50.370 DEBUG JSAPI: Get jsapi_ticket : {"errcode":41001,"errmsg":"access_token missing hint: [FynmRa0410vr49!]"}
2018-01-11 00:14:24.243 DEBUG JSAPI: Get access_token  url: https://api.weixin.qq.com/cgi-bin/token?grant_type=client_credential&appid=wx06ffdb486f9a18ae&secret=ddf25ccd5af4a99c35eff779bdd656c2
2018-01-11 00:14:24.243 DEBUG JSAPI: Get access_token : {"errcode":40164,"errmsg":"invalid ip 116.226.149.114, not in whitelist hint: [2JxsAa08641512]"}
2018-01-11 00:14:24.279 DEBUG JSAPI: Get jsapi_ticket  url: https://api.weixin.qq.com/cgi-bin/ticket/getticket?access_token=&type=jsapi
2018-01-11 00:14:24.280 DEBUG JSAPI: Get jsapi_ticket : {"errcode":41001,"errmsg":"access_token missing hint: [ziOXwA0864vr43!]"}
2018-01-11 00:16:18.644 DEBUG JSAPI: Get jsapi_ticket  url: https://api.weixin.qq.com/cgi-bin/ticket/getticket?access_token=&type=jsapi
2018-01-11 00:16:18.645 DEBUG JSAPI: Get jsapi_ticket : {"errcode":41001,"errmsg":"access_token missing hint: [NXJTuA0978vr30!]"}
2018-01-11 00:35:28.863 DEBUG JSAPI: Get access_token  url: https://api.weixin.qq.com/cgi-bin/token?grant_type=client_credential&appid=wx06ffdb486f9a18ae&secret=ddf25ccd5af4a99c35eff779bdd656c2
2018-01-11 00:35:28.863 DEBUG JSAPI: Get access_token : {"errcode":40164,"errmsg":"invalid ip 116.226.149.114, not in whitelist hint: [cVd601281501]"}
2018-01-11 00:35:28.897 DEBUG JSAPI: Get jsapi_ticket  url: https://api.weixin.qq.com/cgi-bin/ticket/getticket?access_token=&type=jsapi
2018-01-11 00:35:28.898 DEBUG JSAPI: Get jsapi_ticket : {"errcode":41001,"errmsg":"access_token missing hint: [iflkdA0128vr63!]"}
2018-01-11 00:35:42.476 DEBUG JSAPI: Get access_token  url: https://api.weixin.qq.com/cgi-bin/token?grant_type=client_credential&appid=wx06ffdb486f9a18ae&secret=ddf25ccd5af4a99c35eff779bdd656c2
2018-01-11 00:35:42.477 DEBUG JSAPI: Get access_token : {"errcode":40164,"errmsg":"invalid ip 116.226.149.114, not in whitelist hint: [XVoHMA01422974]"}
2018-01-11 00:35:42.524 DEBUG JSAPI: Get jsapi_ticket  url: https://api.weixin.qq.com/cgi-bin/ticket/getticket?access_token=&type=jsapi
2018-01-11 00:35:42.525 DEBUG JSAPI: Get jsapi_ticket : {"errcode":41001,"errmsg":"access_token missing hint: [2X8PFa0142vr65!]"}
2018-01-11 00:36:14.653 DEBUG JSAPI: Get jsapi_ticket  url: https://api.weixin.qq.com/cgi-bin/ticket/getticket?access_token=&type=jsapi
2018-01-11 00:36:14.653 DEBUG JSAPI: Get jsapi_ticket : {"errcode":41001,"errmsg":"access_token missing hint: [.ZeIcA0174vr43!]"}
